-------------------------------------------------------------------------------
Test set: com.example.demo.DemoApplicationTests
-------------------------------------------------------------------------------
Tests run: 1, Failures: 0, Errors: 1, Skipped: 0, Time elapsed: 0.174 s <<< FAILURE! - in com.example.demo.DemoApplicationTests
initializationError(com.example.demo.DemoApplicationTests)  Time elapsed: 0.005 s  <<< ERROR!
java.lang.Exception: Method demo() should not be static

